app/build/intermediates/manifest_merge_blame_file/debug/manifest-merger-blame-debug-report.txt
1<?xml version="1.0" encoding="utf-8"?>
2<manifest xmlns:android="http://schemas.android.com/apk/res/android"
3    package="com.lauszus.facerecognitionapp"
4    android:versionCode="4000006"
5    android:versionName="1.2.3" >
6
7    <uses-sdk
8        android:minSdkVersion="16"
8-->src/main/AndroidManifest.xml
9        android:targetSdkVersion="28" />
9-->src/main/AndroidManifest.xml
10
11    <uses-feature
11-->src/main/AndroidManifest.xml:33:5-35:36
12        android:name="android.hardware.camera.front.autofocus"
12-->src/main/AndroidManifest.xml:34:9-63
13        android:required="false" />
13-->src/main/AndroidManifest.xml:35:9-33
14    <uses-feature
14-->src/main/AndroidManifest.xml:36:5-38:36
15        android:name="android.hardware.camera"
15-->src/main/AndroidManifest.xml:37:9-47
16        android:required="false" />
16-->src/main/AndroidManifest.xml:38:9-33
17    <uses-feature
17-->src/main/AndroidManifest.xml:39:5-41:36
18        android:name="android.hardware.camera.autofocus"
18-->src/main/AndroidManifest.xml:40:9-57
19        android:required="false" />
19-->src/main/AndroidManifest.xml:41:9-33
20    <uses-feature
20-->src/main/AndroidManifest.xml:43:5-45:36
21        android:name="android.hardware.camera.front"
21-->src/main/AndroidManifest.xml:44:9-53
22        android:required="false" />
22-->src/main/AndroidManifest.xml:45:9-33
23
24    <uses-permission android:name="android.permission.CAMERA" />
24-->src/main/AndroidManifest.xml:47:5-65
24-->src/main/AndroidManifest.xml:47:22-62
25
26    <application
26-->src/main/AndroidManifest.xml:5:5-32:19
27        android:allowBackup="true"
27-->src/main/AndroidManifest.xml:6:9-35
28        android:appComponentFactory="android.support.v4.app.CoreComponentFactory"
28-->[com.android.support:support-compat:28.0.0] AndroidManifest.xml:22:18-91
29        android:debuggable="true"
30        android:hardwareAccelerated="true"
30-->src/main/AndroidManifest.xml:7:9-43
31        android:icon="@mipmap/ic_launcher"
31-->src/main/AndroidManifest.xml:8:9-43
32        android:label="@string/app_name"
32-->src/main/AndroidManifest.xml:9:9-41
33        android:supportsRtl="false"
33-->src/main/AndroidManifest.xml:10:9-36
34        android:theme="@style/AppTheme" >
34-->src/main/AndroidManifest.xml:11:9-40
35        <activity android:name="com.lauszus.facerecognitionapp.ViewClass" />
35-->src/main/AndroidManifest.xml:12:9-56
35-->src/main/AndroidManifest.xml:12:19-44
36        <activity android:name="com.lauszus.facerecognitionapp.AddStudent" />
36-->src/main/AndroidManifest.xml:13:9-48
36-->src/main/AndroidManifest.xml:13:19-45
37        <activity android:name="com.lauszus.facerecognitionapp.StarterActivity" >
37-->src/main/AndroidManifest.xml:14:9-20:20
37-->src/main/AndroidManifest.xml:14:19-50
38            <intent-filter>
38-->src/main/AndroidManifest.xml:15:13-19:29
39                <action android:name="android.intent.action.MAIN" />
39-->src/main/AndroidManifest.xml:16:17-69
39-->src/main/AndroidManifest.xml:16:25-66
40
41                <category android:name="android.intent.category.LAUNCHER" />
41-->src/main/AndroidManifest.xml:18:17-77
41-->src/main/AndroidManifest.xml:18:27-74
42            </intent-filter>
43        </activity>
44        <activity
44-->src/main/AndroidManifest.xml:21:9-31:20
45            android:name="com.lauszus.facerecognitionapp.FaceRecognitionAppActivity"
45-->src/main/AndroidManifest.xml:22:13-55
46            android:label="@string/app_name"
46-->src/main/AndroidManifest.xml:23:13-45
47            android:screenOrientation="fullSensor"
47-->src/main/AndroidManifest.xml:24:13-51
48            android:theme="@style/AppTheme.NoActionBar" >
48-->src/main/AndroidManifest.xml:25:13-56
49            <intent-filter>
49-->src/main/AndroidManifest.xml:15:13-19:29
50                <action android:name="android.intent.action.MAIN" />
50-->src/main/AndroidManifest.xml:16:17-69
50-->src/main/AndroidManifest.xml:16:25-66
51
52                <category android:name="android.intent.category.LAUNCHER" />
52-->src/main/AndroidManifest.xml:18:17-77
52-->src/main/AndroidManifest.xml:18:27-74
53            </intent-filter>
54        </activity>
55    </application>
56
57</manifest>